mode: set
github.com/robertarles/taskmasterra/v2/pkg/journal/journal.go:19.43,29.2 4 1
github.com/robertarles/taskmasterra/v2/pkg/journal/journal.go:32.58,33.23 1 1
github.com/robertarles/taskmasterra/v2/pkg/journal/journal.go:33.23,35.3 1 1
github.com/robertarles/taskmasterra/v2/pkg/journal/journal.go:37.2,38.50 2 1
github.com/robertarles/taskmasterra/v2/pkg/journal/journal.go:38.50,40.17 2 1
github.com/robertarles/taskmasterra/v2/pkg/journal/journal.go:40.17,42.4 1 0
github.com/robertarles/taskmasterra/v2/pkg/journal/journal.go:45.2,48.54 3 1
github.com/robertarles/taskmasterra/v2/pkg/journal/journal.go:52.58,53.23 1 1
github.com/robertarles/taskmasterra/v2/pkg/journal/journal.go:53.23,55.3 1 1
github.com/robertarles/taskmasterra/v2/pkg/journal/journal.go:57.2,58.50 2 1
github.com/robertarles/taskmasterra/v2/pkg/journal/journal.go:58.50,60.17 2 1
github.com/robertarles/taskmasterra/v2/pkg/journal/journal.go:60.17,62.4 1 0
github.com/robertarles/taskmasterra/v2/pkg/journal/journal.go:65.2,68.54 3 1
github.com/robertarles/taskmasterra/v2/pkg/journal/journal.go:72.31,75.2 2 1
github.com/robertarles/taskmasterra/v2/pkg/reminder/reminder.go:20.43,24.2 1 1
github.com/robertarles/taskmasterra/v2/pkg/reminder/reminder.go:27.47,33.2 3 1
github.com/robertarles/taskmasterra/v2/pkg/reminder/reminder.go:36.37,51.34 5 1
github.com/robertarles/taskmasterra/v2/pkg/reminder/reminder.go:51.34,53.3 1 0
github.com/robertarles/taskmasterra/v2/pkg/reminder/reminder.go:55.2,55.12 1 1
github.com/robertarles/taskmasterra/v2/pkg/reminder/reminder.go:59.81,66.16 5 1
github.com/robertarles/taskmasterra/v2/pkg/reminder/reminder.go:66.16,68.3 1 1
github.com/robertarles/taskmasterra/v2/pkg/reminder/reminder.go:69.2,69.17 1 1
github.com/robertarles/taskmasterra/v2/pkg/reminder/reminder.go:69.17,71.3 1 1
github.com/robertarles/taskmasterra/v2/pkg/reminder/reminder.go:72.2,75.17 3 1
github.com/robertarles/taskmasterra/v2/pkg/reminder/reminder.go:75.17,81.3 1 1
github.com/robertarles/taskmasterra/v2/pkg/reminder/reminder.go:83.2,98.34 5 1
github.com/robertarles/taskmasterra/v2/pkg/reminder/reminder.go:98.34,100.3 1 0
github.com/robertarles/taskmasterra/v2/pkg/reminder/reminder.go:102.2,102.12 1 1
github.com/robertarles/taskmasterra/v2/pkg/task/task.go:18.36,19.19 1 1
github.com/robertarles/taskmasterra/v2/pkg/task/task.go:19.19,21.3 1 1
github.com/robertarles/taskmasterra/v2/pkg/task/task.go:22.2,22.63 1 1
github.com/robertarles/taskmasterra/v2/pkg/task/task.go:26.33,27.19 1 1
github.com/robertarles/taskmasterra/v2/pkg/task/task.go:27.19,29.3 1 1
github.com/robertarles/taskmasterra/v2/pkg/task/task.go:30.2,30.64 1 1
github.com/robertarles/taskmasterra/v2/pkg/task/task.go:34.34,35.39 1 1
github.com/robertarles/taskmasterra/v2/pkg/task/task.go:35.39,37.3 1 1
github.com/robertarles/taskmasterra/v2/pkg/task/task.go:38.2,38.79 1 1
github.com/robertarles/taskmasterra/v2/pkg/task/task.go:42.31,44.2 1 1
github.com/robertarles/taskmasterra/v2/pkg/task/task.go:47.34,49.2 1 1
github.com/robertarles/taskmasterra/v2/pkg/task/task.go:52.37,54.2 1 1
github.com/robertarles/taskmasterra/v2/pkg/task/task.go:57.67,58.77 1 1
github.com/robertarles/taskmasterra/v2/pkg/task/task.go:58.77,60.3 1 1
github.com/robertarles/taskmasterra/v2/pkg/task/task.go:61.2,61.13 1 1
github.com/robertarles/taskmasterra/v2/pkg/task/task.go:65.49,70.2 4 1
github.com/robertarles/taskmasterra/v2/pkg/task/task.go:73.42,76.16 2 1
github.com/robertarles/taskmasterra/v2/pkg/task/task.go:76.16,78.3 1 0
github.com/robertarles/taskmasterra/v2/pkg/task/task.go:80.2,86.30 5 1
github.com/robertarles/taskmasterra/v2/pkg/task/task.go:86.30,90.40 3 1
github.com/robertarles/taskmasterra/v2/pkg/task/task.go:90.40,94.26 3 1
github.com/robertarles/taskmasterra/v2/pkg/task/task.go:94.26,97.5 2 1
github.com/robertarles/taskmasterra/v2/pkg/task/task.go:97.10,99.5 1 1
github.com/robertarles/taskmasterra/v2/pkg/task/task.go:102.4,102.43 1 1
github.com/robertarles/taskmasterra/v2/pkg/task/task.go:102.43,103.31 1 1
github.com/robertarles/taskmasterra/v2/pkg/task/task.go:103.31,105.28 2 1
github.com/robertarles/taskmasterra/v2/pkg/task/task.go:105.28,107.7 1 1
github.com/robertarles/taskmasterra/v2/pkg/task/task.go:108.6,108.22 1 1
github.com/robertarles/taskmasterra/v2/pkg/task/task.go:109.11,110.11 1 1
github.com/robertarles/taskmasterra/v2/pkg/task/task.go:113.9,113.31 1 1
github.com/robertarles/taskmasterra/v2/pkg/task/task.go:113.31,118.43 3 1
github.com/robertarles/taskmasterra/v2/pkg/task/task.go:118.43,119.31 1 1
github.com/robertarles/taskmasterra/v2/pkg/task/task.go:119.31,122.6 2 0
github.com/robertarles/taskmasterra/v2/pkg/task/task.go:122.11,123.11 1 1
github.com/robertarles/taskmasterra/v2/pkg/task/task.go:126.9,128.4 1 1
github.com/robertarles/taskmasterra/v2/pkg/task/task.go:130.3,130.15 1 1
github.com/robertarles/taskmasterra/v2/pkg/task/task.go:134.2,134.58 1 1
github.com/robertarles/taskmasterra/v2/pkg/task/task.go:134.58,136.3 1 0
github.com/robertarles/taskmasterra/v2/pkg/task/task.go:138.2,138.58 1 1
github.com/robertarles/taskmasterra/v2/pkg/task/task.go:138.58,140.3 1 0
github.com/robertarles/taskmasterra/v2/pkg/task/task.go:143.2,143.95 1 1
github.com/robertarles/taskmasterra/v2/pkg/task/task.go:143.95,145.3 1 0
github.com/robertarles/taskmasterra/v2/pkg/task/task.go:147.2,147.12 1 1
github.com/robertarles/taskmasterra/v2/cmd/taskmasterra/main.go:23.46,24.34 1 1
github.com/robertarles/taskmasterra/v2/cmd/taskmasterra/main.go:24.34,26.17 2 1
github.com/robertarles/taskmasterra/v2/cmd/taskmasterra/main.go:26.17,28.4 1 0
github.com/robertarles/taskmasterra/v2/cmd/taskmasterra/main.go:29.3,29.42 1 1
github.com/robertarles/taskmasterra/v2/cmd/taskmasterra/main.go:30.8,30.45 1 1
github.com/robertarles/taskmasterra/v2/cmd/taskmasterra/main.go:30.45,32.14 2 1
github.com/robertarles/taskmasterra/v2/cmd/taskmasterra/main.go:32.14,34.4 1 0
github.com/robertarles/taskmasterra/v2/cmd/taskmasterra/main.go:35.3,35.53 1 1
github.com/robertarles/taskmasterra/v2/cmd/taskmasterra/main.go:37.2,37.18 1 1
github.com/robertarles/taskmasterra/v2/cmd/taskmasterra/main.go:40.40,42.16 2 1
github.com/robertarles/taskmasterra/v2/cmd/taskmasterra/main.go:42.16,44.3 1 0
github.com/robertarles/taskmasterra/v2/cmd/taskmasterra/main.go:47.2,48.16 2 1
github.com/robertarles/taskmasterra/v2/cmd/taskmasterra/main.go:48.16,50.3 1 0
github.com/robertarles/taskmasterra/v2/cmd/taskmasterra/main.go:52.2,58.30 5 1
github.com/robertarles/taskmasterra/v2/cmd/taskmasterra/main.go:58.30,62.50 3 1
github.com/robertarles/taskmasterra/v2/cmd/taskmasterra/main.go:62.50,66.31 3 1
github.com/robertarles/taskmasterra/v2/cmd/taskmasterra/main.go:66.31,69.5 2 1
github.com/robertarles/taskmasterra/v2/cmd/taskmasterra/main.go:69.9,72.5 2 0
github.com/robertarles/taskmasterra/v2/cmd/taskmasterra/main.go:75.4,75.43 1 1
github.com/robertarles/taskmasterra/v2/cmd/taskmasterra/main.go:75.43,76.36 1 1
github.com/robertarles/taskmasterra/v2/cmd/taskmasterra/main.go:76.36,78.33 2 1
github.com/robertarles/taskmasterra/v2/cmd/taskmasterra/main.go:78.33,80.7 1 1
github.com/robertarles/taskmasterra/v2/cmd/taskmasterra/main.go:81.6,81.22 1 1
github.com/robertarles/taskmasterra/v2/cmd/taskmasterra/main.go:82.11,83.11 1 1
github.com/robertarles/taskmasterra/v2/cmd/taskmasterra/main.go:86.9,86.36 1 1
github.com/robertarles/taskmasterra/v2/cmd/taskmasterra/main.go:86.36,91.43 3 1
github.com/robertarles/taskmasterra/v2/cmd/taskmasterra/main.go:91.43,92.36 1 1
github.com/robertarles/taskmasterra/v2/cmd/taskmasterra/main.go:92.36,95.6 2 1
github.com/robertarles/taskmasterra/v2/cmd/taskmasterra/main.go:95.11,96.11 1 1
github.com/robertarles/taskmasterra/v2/cmd/taskmasterra/main.go:99.9,101.4 1 1
github.com/robertarles/taskmasterra/v2/cmd/taskmasterra/main.go:103.3,103.15 1 1
github.com/robertarles/taskmasterra/v2/cmd/taskmasterra/main.go:107.2,107.58 1 1
github.com/robertarles/taskmasterra/v2/cmd/taskmasterra/main.go:107.58,109.3 1 0
github.com/robertarles/taskmasterra/v2/cmd/taskmasterra/main.go:111.2,111.58 1 1
github.com/robertarles/taskmasterra/v2/cmd/taskmasterra/main.go:111.58,113.3 1 0
github.com/robertarles/taskmasterra/v2/cmd/taskmasterra/main.go:116.2,116.99 1 1
github.com/robertarles/taskmasterra/v2/cmd/taskmasterra/main.go:116.99,118.3 1 0
github.com/robertarles/taskmasterra/v2/cmd/taskmasterra/main.go:120.2,120.12 1 1
github.com/robertarles/taskmasterra/v2/cmd/taskmasterra/main.go:123.44,125.16 2 1
github.com/robertarles/taskmasterra/v2/cmd/taskmasterra/main.go:125.16,127.3 1 0
github.com/robertarles/taskmasterra/v2/cmd/taskmasterra/main.go:129.2,133.39 4 1
github.com/robertarles/taskmasterra/v2/cmd/taskmasterra/main.go:133.39,135.3 1 0
github.com/robertarles/taskmasterra/v2/cmd/taskmasterra/main.go:137.2,138.16 2 1
github.com/robertarles/taskmasterra/v2/cmd/taskmasterra/main.go:138.16,140.3 1 0
github.com/robertarles/taskmasterra/v2/cmd/taskmasterra/main.go:141.2,148.21 6 1
github.com/robertarles/taskmasterra/v2/cmd/taskmasterra/main.go:148.21,151.51 2 1
github.com/robertarles/taskmasterra/v2/cmd/taskmasterra/main.go:151.51,153.25 1 1
github.com/robertarles/taskmasterra/v2/cmd/taskmasterra/main.go:153.25,154.110 1 1
github.com/robertarles/taskmasterra/v2/cmd/taskmasterra/main.go:154.110,156.6 1 0
github.com/robertarles/taskmasterra/v2/cmd/taskmasterra/main.go:160.4,161.33 2 1
github.com/robertarles/taskmasterra/v2/cmd/taskmasterra/main.go:161.33,165.5 3 1
github.com/robertarles/taskmasterra/v2/cmd/taskmasterra/main.go:166.9,166.58 1 1
github.com/robertarles/taskmasterra/v2/cmd/taskmasterra/main.go:166.58,169.4 1 0
github.com/robertarles/taskmasterra/v2/cmd/taskmasterra/main.go:173.2,173.23 1 1
github.com/robertarles/taskmasterra/v2/cmd/taskmasterra/main.go:173.23,174.108 1 1
github.com/robertarles/taskmasterra/v2/cmd/taskmasterra/main.go:174.108,176.4 1 0
github.com/robertarles/taskmasterra/v2/cmd/taskmasterra/main.go:179.2,179.12 1 1
github.com/robertarles/taskmasterra/v2/cmd/taskmasterra/main.go:182.18,189.2 6 0
github.com/robertarles/taskmasterra/v2/cmd/taskmasterra/main.go:191.13,192.22 1 0
github.com/robertarles/taskmasterra/v2/cmd/taskmasterra/main.go:192.22,195.3 2 0
github.com/robertarles/taskmasterra/v2/cmd/taskmasterra/main.go:197.2,199.17 2 0
github.com/robertarles/taskmasterra/v2/cmd/taskmasterra/main.go:200.19,203.57 3 0
github.com/robertarles/taskmasterra/v2/cmd/taskmasterra/main.go:203.57,206.4 2 0
github.com/robertarles/taskmasterra/v2/cmd/taskmasterra/main.go:208.3,208.27 1 0
github.com/robertarles/taskmasterra/v2/cmd/taskmasterra/main.go:208.27,212.4 3 0
github.com/robertarles/taskmasterra/v2/cmd/taskmasterra/main.go:214.3,214.56 1 0
github.com/robertarles/taskmasterra/v2/cmd/taskmasterra/main.go:214.56,217.4 2 0
github.com/robertarles/taskmasterra/v2/cmd/taskmasterra/main.go:219.20,222.58 3 0
github.com/robertarles/taskmasterra/v2/cmd/taskmasterra/main.go:222.58,225.4 2 0
github.com/robertarles/taskmasterra/v2/cmd/taskmasterra/main.go:227.3,227.27 1 0
github.com/robertarles/taskmasterra/v2/cmd/taskmasterra/main.go:227.27,231.4 3 0
github.com/robertarles/taskmasterra/v2/cmd/taskmasterra/main.go:233.3,233.52 1 0
github.com/robertarles/taskmasterra/v2/cmd/taskmasterra/main.go:233.52,236.4 2 0
github.com/robertarles/taskmasterra/v2/cmd/taskmasterra/main.go:238.17,240.9 2 0
github.com/robertarles/taskmasterra/v2/cmd/taskmasterra/main.go:242.10,243.14 1 0
github.com/robertarles/taskmasterra/v2/cmd/taskmasterra/version.go:8.13,9.43 1 1
github.com/robertarles/taskmasterra/v2/cmd/taskmasterra/version.go:9.43,11.84 1 1
github.com/robertarles/taskmasterra/v2/cmd/taskmasterra/version.go:11.84,13.4 1 0
github.com/robertarles/taskmasterra/v2/cmd/taskmasterra/version.go:18.32,20.2 1 0
